<?xml version="1.0" encoding="UTF-8"?>
<!-- Generated by org.testng.reporters.JUnitReportReporter -->
<testsuite hostname="DESKTOP-6MM3MGS" failures="0" tests="3" name="testNGpractice.DependsOnMethods" time="0.019" errors="0" timestamp="2023-12-10T15:04:35 IST" skipped="1">
  <testcase classname="testNGpractice.DependsOnMethods" name="trackShipment" time="0.016"/>
  <testcase classname="testNGpractice.DependsOnMethods" name="deleteShipment" time="0.003"/>
  <testcase classname="testNGpractice.DependsOnMethods" name="createShipment">
    <skipped/>
  </testcase> <!-- createShipment -->
</testsuite> <!-- testNGpractice.DependsOnMethods -->
